0 info it worked if it ends with ok
1 verbose cli [ 'C:\\Program Files (x86)\\nodejs\\node.exe',
1 verbose cli   'C:\\Program Files (x86)\\nodejs\\node_modules\\npm\\bin\\npm-cli.js',
1 verbose cli   'start' ]
2 info using npm@3.9.6
3 info using node@v4.2.2
4 verbose run-script [ 'prestart', 'start', 'poststart' ]
5 info lifecycle mean-loc8r@0.0.0~prestart: mean-loc8r@0.0.0
6 silly lifecycle mean-loc8r@0.0.0~prestart: no script for prestart, continuing
7 info lifecycle mean-loc8r@0.0.0~start: mean-loc8r@0.0.0
8 verbose lifecycle mean-loc8r@0.0.0~start: unsafe-perm in lifecycle true
9 verbose lifecycle mean-loc8r@0.0.0~start: PATH: C:\Program Files (x86)\nodejs\node_modules\npm\bin\node-gyp-bin;C:\Users\vinicio\Dropbox\mean-loc8r\node_modules\.bin;C:\Program Files (x86)\nodejs;C:\Users\vinicio\bin;C:\Program Files (x86)\Git\mingw32\bin;C:\Program Files (x86)\Git\usr\local\bin;C:\Program Files (x86)\Git\usr\bin;C:\Program Files (x86)\Git\usr\bin;C:\Program Files (x86)\Git\mingw32\bin;C:\Program Files (x86)\Git\usr\bin;C:\Users\vinicio\bin;C:\Program Files\Java\jdk1.8.0_60\bin;C:\WINDOWS\system32;C:\WINDOWS;C:\WINDOWS\System32\Wbem;C:\WINDOWS\System32\WindowsPowerShell\v1.0;C:\Program Files\WIDCOMM\Bluetooth Software;C:\Program Files\WIDCOMM\Bluetooth Software\syswow64;C:\Program Files\Dell\DW WLAN Card;C:\Program Files (x86)\Common Files\Roxio Shared\DLLShared;C:\Program Files (x86)\MySQL\MySQL Utilities 1.4.3;C:\Program Files (x86)\MySQL\MySQL Utilities 1.4.3\Doctrine extensions for PHP;C:\Program Files (x86)\Windows Kits\8.0\Windows Performance Toolkit;C:\Program Files (x86)\Microsoft SQL Server\110\Tools\Binn;C:\Program Files (x86)\Microsoft SQL Server\110\DTS\Binn;C:\Program Files (x86)\nodejs;C:\Program Files (x86)\Brackets\command;C:\TDM-GCC-64\bin;C:\Program Files\MongoDB\Server\3.2\bin;C:\Ant\apache-ant-1.9.7\bin;C:\Android\tools;C:\Android\platform-tools;C:\Program Files (x86)\Windows Kits\8.1\Windows Performance Toolkit;C:\Program Files (x86)\Heroku\bin;C:\Program Files (x86)\git\cmd;C:\Program Files (x86)\Git\cmd;C:\Users\vinicio\Desktop\modelsim_ase\win32aloem;C:\Users\vinicio\AppData\Roaming\npm;C:\Program Files (x86)\Microsoft VS Code\bin;C:\Users\vinicio\AppData\Local\Microsoft\WindowsApps;C:\Program Files (x86)\Git\usr\bin\vendor_perl;C:\Program Files (x86)\Git\usr\bin\core_perl
10 verbose lifecycle mean-loc8r@0.0.0~start: CWD: C:\Users\vinicio\Dropbox\mean-loc8r
11 silly lifecycle mean-loc8r@0.0.0~start: Args: [ '/d /s /c', 'node ./bin/www' ]
12 silly lifecycle mean-loc8r@0.0.0~start: Returned: code: 1  signal: null
13 info lifecycle mean-loc8r@0.0.0~start: Failed to exec start script
14 verbose stack Error: mean-loc8r@0.0.0 start: `node ./bin/www`
14 verbose stack Exit status 1
14 verbose stack     at EventEmitter.<anonymous> (C:\Program Files (x86)\nodejs\node_modules\npm\lib\utils\lifecycle.js:245:16)
14 verbose stack     at emitTwo (events.js:87:13)
14 verbose stack     at EventEmitter.emit (events.js:172:7)
14 verbose stack     at ChildProcess.<anonymous> (C:\Program Files (x86)\nodejs\node_modules\npm\lib\utils\spawn.js:24:14)
14 verbose stack     at emitTwo (events.js:87:13)
14 verbose stack     at ChildProcess.emit (events.js:172:7)
14 verbose stack     at maybeClose (internal/child_process.js:818:16)
14 verbose stack     at Process.ChildProcess._handle.onexit (internal/child_process.js:211:5)
15 verbose pkgid mean-loc8r@0.0.0
16 verbose cwd C:\Users\vinicio\Dropbox\mean-loc8r
17 error Windows_NT 10.0.14393
18 error argv "C:\\Program Files (x86)\\nodejs\\node.exe" "C:\\Program Files (x86)\\nodejs\\node_modules\\npm\\bin\\npm-cli.js" "start"
19 error node v4.2.2
20 error npm  v3.9.6
21 error code ELIFECYCLE
22 error mean-loc8r@0.0.0 start: `node ./bin/www`
22 error Exit status 1
23 error Failed at the mean-loc8r@0.0.0 start script 'node ./bin/www'.
23 error Make sure you have the latest version of node.js and npm installed.
23 error If you do, this is most likely a problem with the mean-loc8r package,
23 error not with npm itself.
23 error Tell the author that this fails on your system:
23 error     node ./bin/www
23 error You can get information on how to open an issue for this project with:
23 error     npm bugs mean-loc8r
23 error Or if that isn't available, you can get their info via:
23 error     npm owner ls mean-loc8r
23 error There is likely additional logging output above.
24 verbose exit [ 1, true ]
